<?xml version="1.0" encoding="UTF-8"?>
<testsuite xmlns:xsi="http://www.w3.org/2001/XMLSchema-instance" xsi:noNamespaceSchemaLocation="https://maven.apache.org/surefire/maven-surefire-plugin/xsd/surefire-test-report-3.0.xsd" version="3.0" name="tn.esprit.tpfoyer.test.UniversiteRestControllerTest" time="1.591" tests="5" errors="0" skipped="0" failures="0">
  <properties>
[...]
</properties>
  <testcase name="testRetrieveUniversite" classname="tn.esprit.tpfoyer.test.UniversiteRestControllerTest" time="1.509"/>
  <testcase name="testModifyUniversite" classname="tn.esprit.tpfoyer.test.UniversiteRestControllerTest" time="0.006"/>
  <testcase name="testGetUniversites" classname="tn.esprit.tpfoyer.test.UniversiteRestControllerTest" time="0.006"/>
  <testcase name="testRemoveUniversite" classname="tn.esprit.tpfoyer.test.UniversiteRestControllerTest" time="0.005"/>
  <testcase name="testAddUniversite" classname="tn.esprit.tpfoyer.test.UniversiteRestControllerTest" time="0.009"/>
</testsuite>